GC Precious Log:
 CardTable entry size: 512
 Card Set container configuration: InlinePtr #cards 4 size 8 Array Of Cards #cards 16 size 48 Howl #buckets 8 coarsen threshold 3686 Howl Bitmap #cards 512 size 80 coarsen threshold 460 Card regions per heap region 1 cards per card region 4096
 CPUs: 12 total, 12 available
 Memory: 14075M
 Large Page Support: Disabled
 NUMA Support: Disabled
 Compressed Oops: Enabled (Zero based)
 Heap Region Size: 2M
 Heap Min Capacity: 8M
 Heap Initial Capacity: 8M
 Heap Max Capacity: 3520M
 Pre-touch: Disabled
 Parallel Workers: 10
 Concurrent Workers: 3
 Concurrent Refinement Workers: 10
 Periodic GC: Disabled
Heap:
 garbage-first heap   total reserved 3604480K, committed 57344K, used 31728K [0x0000000724000000, 0x0000000800000000)
  region size 2M, 3 eden (6M), 2 survivor (4M), 12 old (24M), 1 humongous (2M), 10 free (20M)
GC Heap Usage History (20 events):
Event: 1.475 {heap Before GC invocations=7 (full 0):
 garbage-first heap   total reserved 3604480K, committed 43008K, used 30882K [0x0000000724000000, 0x0000000800000000)
  region size 2M, 9 eden (18M), 2 survivor (4M), 5 old (10M), 0 humongous (0M), 5 free (10M)
}
Event: 1.478 {heap After GC invocations=8 (full 0):
 garbage-first heap   total reserved 3604480K, committed 43008K, used 14131K [0x0000000724000000, 0x0000000800000000)
  region size 2M, 0 eden (0M), 2 survivor (4M), 7 old (14M), 0 humongous (0M), 12 free (24M)
}
Event: 1.654 {heap Before GC invocations=8 (full 0):
 garbage-first heap   total reserved 3604480K, committed 43008K, used 24371K [0x0000000724000000, 0x0000000800000000)
  region size 2M, 6 eden (12M), 2 survivor (4M), 7 old (14M), 0 humongous (0M), 6 free (12M)
}
Event: 1.656 {heap After GC invocations=9 (full 0):
 garbage-first heap   total reserved 3604480K, committed 43008K, used 15100K [0x0000000724000000, 0x0000000800000000)
  region size 2M, 0 eden (0M), 1 survivor (2M), 8 old (16M), 0 humongous (0M), 12 free (24M)
}
Event: 1.927 {heap Before GC invocations=10 (full 0):
 garbage-first heap   total reserved 3604480K, committed 43008K, used 31484K [0x0000000724000000, 0x0000000800000000)
  region size 2M, 8 eden (16M), 1 survivor (2M), 8 old (16M), 0 humongous (0M), 4 free (8M)
}
Event: 1.929 {heap After GC invocations=11 (full 0):
 garbage-first heap   total reserved 3604480K, committed 43008K, used 16483K [0x0000000724000000, 0x0000000800000000)
  region size 2M, 0 eden (0M), 2 survivor (4M), 8 old (16M), 0 humongous (0M), 11 free (22M)
}
Event: 2.174 {heap Before GC invocations=11 (full 0):
 garbage-first heap   total reserved 3604480K, committed 43008K, used 32867K [0x0000000724000000, 0x0000000800000000)
  region size 2M, 8 eden (16M), 2 survivor (4M), 8 old (16M), 0 humongous (0M), 3 free (6M)
}
Event: 2.180 {heap After GC invocations=12 (full 0):
 garbage-first heap   total reserved 3604480K, committed 43008K, used 17973K [0x0000000724000000, 0x0000000800000000)
  region size 2M, 0 eden (0M), 2 survivor (4M), 8 old (16M), 0 humongous (0M), 11 free (22M)
}
Event: 2.411 {heap Before GC invocations=12 (full 0):
 garbage-first heap   total reserved 3604480K, committed 43008K, used 34357K [0x0000000724000000, 0x0000000800000000)
  region size 2M, 8 eden (16M), 2 survivor (4M), 8 old (16M), 0 humongous (0M), 3 free (6M)
}
Event: 2.414 {heap After GC invocations=13 (full 0):
 garbage-first heap   total reserved 3604480K, committed 43008K, used 19285K [0x0000000724000000, 0x0000000800000000)
  region size 2M, 0 eden (0M), 2 survivor (4M), 8 old (16M), 0 humongous (0M), 11 free (22M)
}
Event: 6.685 {heap Before GC invocations=13 (full 0):
 garbage-first heap   total reserved 3604480K, committed 43008K, used 33621K [0x0000000724000000, 0x0000000800000000)
  region size 2M, 8 eden (16M), 2 survivor (4M), 8 old (16M), 0 humongous (0M), 3 free (6M)
}
Event: 6.687 {heap After GC invocations=14 (full 0):
 garbage-first heap   total reserved 3604480K, committed 55296K, used 20699K [0x0000000724000000, 0x0000000800000000)
  region size 2M, 0 eden (0M), 2 survivor (4M), 9 old (18M), 0 humongous (0M), 16 free (32M)
}
Event: 7.144 {heap Before GC invocations=14 (full 0):
 garbage-first heap   total reserved 3604480K, committed 55296K, used 32987K [0x0000000724000000, 0x0000000800000000)
  region size 2M, 8 eden (16M), 2 survivor (4M), 9 old (18M), 0 humongous (0M), 8 free (16M)
}
Event: 7.147 {heap After GC invocations=15 (full 0):
 garbage-first heap   total reserved 3604480K, committed 55296K, used 22184K [0x0000000724000000, 0x0000000800000000)
  region size 2M, 0 eden (0M), 2 survivor (4M), 10 old (20M), 0 humongous (0M), 15 free (30M)
}
Event: 7.626 {heap Before GC invocations=16 (full 0):
 garbage-first heap   total reserved 3604480K, committed 55296K, used 48808K [0x0000000724000000, 0x0000000800000000)
  region size 2M, 12 eden (24M), 2 survivor (4M), 10 old (20M), 1 humongous (2M), 2 free (4M)
}
Event: 7.630 {heap After GC invocations=17 (full 0):
 garbage-first heap   total reserved 3604480K, committed 57344K, used 25766K [0x0000000724000000, 0x0000000800000000)
  region size 2M, 0 eden (0M), 2 survivor (4M), 11 old (22M), 1 humongous (2M), 14 free (28M)
}
Event: 8.013 {heap Before GC invocations=17 (full 0):
 garbage-first heap   total reserved 3604480K, committed 57344K, used 46246K [0x0000000724000000, 0x0000000800000000)
  region size 2M, 11 eden (22M), 2 survivor (4M), 11 old (22M), 1 humongous (2M), 3 free (6M)
}
Event: 8.018 {heap After GC invocations=18 (full 0):
 garbage-first heap   total reserved 3604480K, committed 57344K, used 26554K [0x0000000724000000, 0x0000000800000000)
  region size 2M, 0 eden (0M), 2 survivor (4M), 11 old (22M), 1 humongous (2M), 14 free (28M)
}
Event: 12.477 {heap Before GC invocations=18 (full 0):
 garbage-first heap   total reserved 3604480K, committed 57344K, used 49082K [0x0000000724000000, 0x0000000800000000)
  region size 2M, 11 eden (22M), 2 survivor (4M), 11 old (22M), 1 humongous (2M), 3 free (6M)
}
Event: 12.480 {heap After GC invocations=19 (full 0):
 garbage-first heap   total reserved 3604480K, committed 57344K, used 27632K [0x0000000724000000, 0x0000000800000000)
  region size 2M, 0 eden (0M), 2 survivor (4M), 12 old (24M), 1 humongous (2M), 13 free (26M)
}

